// 重构日志: 0c63ce3f
// 重构日志: 52174292
// 重构日志: 96c2ff10
// 重构日志: 54272bc5
// 重构日志: 7d6404ee
// 重构日志: 9caddf76
// 重构日志: 526dc719
// 重构日志: addcc568
// 重构日志: b0b80145
// 重构日志: 3d9cd631
// 同步 ID: ace222c0 @ Thu Jul 16 11:57:38 UTC 2026
// 重构日志: 58630608
// 同步 ID: 2c2dac0f @ Fri Jul 17 09:24:31 UTC 2026
// 同步 ID: 9a8c2f03 @ Fri Jul 17 17:50:34 UTC 2026
// 重构日志: a0cd0223
// 重构日志: 463a4727
// 同步 ID: 063e8a72 @ Sat Jul 18 16:04:05 UTC 2026
// 同步 ID: e1ed9c19 @ Sun Jul 19 11:35:58 UTC 2026
// 同步 ID: 01a44f69 @ Sun Jul 19 15:27:21 UTC 2026
// 同步 ID: 21a752f1 @ Mon Jul 20 16:49:52 UTC 2026
// 同步 ID: b1d297d7 @ Tue Jul 21 04:12:44 UTC 2026
// 同步 ID: 426b00fe @ Tue Jul 21 06:53:12 UTC 2026
// 重构日志: 4d8f5407
// 同步 ID: ebfec7ee @ Wed Jul 22 00:08:28 UTC 2026
// 同步 ID: 1e1cd94a @ Wed Jul 22 09:48:50 UTC 2026
// 重构日志: 5b81c7de
// 同步 ID: 7be828c3 @ Wed Jul 22 14:45:50 UTC 2026
// 重构日志: 3e228beb
// 重构日志: 67e8137e
// 同步 ID: 6d0b4a04 @ Fri Jul 24 10:20:48 UTC 2026
// 重构日志: dcfd3bf8
